<?xml version="1.0" encoding="UTF-8"?>
<testng-results ignored="0" total="1" passed="1" failed="0" skipped="0">
  <reporter-output>
  </reporter-output>
  <suite started-at="2024-04-14T18:33:14Z" name="Wil_Plannet" finished-at="2024-04-14T18:33:31Z" duration-ms="17908">
    <groups>
    </groups>
    <test started-at="2024-04-14T18:33:14Z" name="PlanIT Testcases" finished-at="2024-04-14T18:33:31Z" duration-ms="17908">
      <class name="com.blazedemo.hcode.tests.TestScript">
        <test-method is-config="true" signature="createObject()[pri:0, instance:com.blazedemo.hcode.tests.TestScript@79e2c065]" started-at="2024-04-14T18:33:13Z" name="createObject" finished-at="2024-04-14T18:33:14Z" duration-ms="85" status="PASS">
          <reporter-output>
          </reporter-output>
        </test-method> <!-- createObject -->
        <test-method is-config="true" signature="setUp()[pri:0, instance:com.blazedemo.hcode.tests.TestScript@79e2c065]" started-at="2024-04-14T18:33:14Z" name="setUp" finished-at="2024-04-14T18:33:18Z" duration-ms="4003" status="PASS">
          <reporter-output>
          </reporter-output>
        </test-method> <!-- setUp -->
        <test-method is-config="true" signature="verifyloginPage(java.lang.reflect.Method)[pri:0, instance:com.blazedemo.hcode.tests.TestScript@79e2c065]" started-at="2024-04-14T18:33:18Z" name="verifyloginPage" finished-at="2024-04-14T18:33:19Z" duration-ms="974" status="PASS">
          <params>
            <param index="0">
              <value>
                <![CDATA[public void com.blazedemo.hcode.tests.TestScript.verifyUserisAbleToOrderProduct()]]>
              </value>
            </param>
          </params>
          <reporter-output>
          </reporter-output>
        </test-method> <!-- verifyloginPage -->
        <test-method signature="verifyUserisAbleToOrderProduct()[pri:0, instance:com.blazedemo.hcode.tests.TestScript@79e2c065]" started-at="2024-04-14T18:33:19Z" name="verifyUserisAbleToOrderProduct" finished-at="2024-04-14T18:33:30Z" duration-ms="11046" status="PASS">
          <reporter-output>
          </reporter-output>
        </test-method> <!-- verifyUserisAbleToOrderProduct -->
        <test-method is-config="true" signature="logout(org.testng.ITestResult, java.lang.reflect.Method)[pri:0, instance:com.blazedemo.hcode.tests.TestScript@79e2c065]" started-at="2024-04-14T18:33:30Z" name="logout" finished-at="2024-04-14T18:33:31Z" duration-ms="1683" status="PASS">
          <params>
            <param index="0">
              <value>
                <![CDATA[[TestResult name=verifyUserisAbleToOrderProduct status=SUCCESS method=TestScript.verifyUserisAbleToOrderProduct()[pri:0, instance:com.blazedemo.hcode.tests.TestScript@79e2c065] output={null}]]]>
              </value>
            </param>
            <param index="1">
              <value>
                <![CDATA[public void com.blazedemo.hcode.tests.TestScript.verifyUserisAbleToOrderProduct()]]>
              </value>
            </param>
          </params>
          <reporter-output>
          </reporter-output>
        </test-method> <!-- logout -->
        <test-method is-config="true" signature="afterTestThreadContextCleanup()[pri:0, instance:com.blazedemo.hcode.tests.TestScript@79e2c065]" started-at="2024-04-14T18:33:31Z" name="afterTestThreadContextCleanup" finished-at="2024-04-14T18:33:31Z" duration-ms="189" status="PASS">
          <reporter-output>
          </reporter-output>
        </test-method> <!-- afterTestThreadContextCleanup -->
        <test-method is-config="true" signature="generateReport()[pri:0, instance:com.blazedemo.hcode.tests.TestScript@79e2c065]" started-at="2024-04-14T18:33:31Z" name="generateReport" finished-at="2024-04-14T18:33:32Z" duration-ms="47" status="PASS">
          <reporter-output>
          </reporter-output>
        </test-method> <!-- generateReport -->
      </class> <!-- com.blazedemo.hcode.tests.TestScript -->
    </test> <!-- PlanIT Testcases -->
  </suite> <!-- Wil_Plannet -->
</testng-results>
