<?xml version="1.0" encoding="UTF-8"?>
<testng-results ignored="4" total="6" passed="2" failed="0" skipped="0">
  <reporter-output>
  </reporter-output>
  <suite started-at="2024-04-20T19:53:00Z" name="BlazeDemo" finished-at="2024-04-20T19:53:29Z" duration-ms="29238">
    <groups>
    </groups>
    <test started-at="2024-04-20T19:53:00Z" name="Blazemeter Demo On chrome" finished-at="2024-04-20T19:53:29Z" duration-ms="29238">
      <class name="com.blazedemo.hcode.tests.ContactUsPageTestScript">
        <test-method is-config="true" signature="createObject()[pri:0, instance:com.blazedemo.hcode.tests.ContactUsPageTestScript@16d04d3d]" started-at="2024-04-20T19:52:59Z" name="createObject" finished-at="2024-04-20T19:53:00Z" duration-ms="96" status="PASS">
          <reporter-output>
          </reporter-output>
        </test-method> <!-- createObject -->
        <test-method is-config="true" signature="setUp(java.lang.String)[pri:0, instance:com.blazedemo.hcode.tests.ContactUsPageTestScript@16d04d3d]" started-at="2024-04-20T19:53:00Z" name="setUp" finished-at="2024-04-20T19:53:03Z" duration-ms="3154" status="PASS">
          <params>
            <param index="0">
              <value>
                <![CDATA[chrome]]>
              </value>
            </param>
          </params>
          <reporter-output>
          </reporter-output>
        </test-method> <!-- setUp -->
        <test-method is-config="true" signature="verifyloginPage(java.lang.reflect.Method)[pri:0, instance:com.blazedemo.hcode.tests.ContactUsPageTestScript@16d04d3d]" started-at="2024-04-20T19:53:03Z" name="verifyloginPage" finished-at="2024-04-20T19:53:04Z" duration-ms="897" status="PASS">
          <params>
            <param index="0">
              <value>
                <![CDATA[public synchronized void com.blazedemo.hcode.tests.ContactUsPageTestScript.verifyContactUsPage()]]>
              </value>
            </param>
          </params>
          <reporter-output>
          </reporter-output>
        </test-method> <!-- verifyloginPage -->
        <test-method signature="verifyContactUsPage()[pri:0, instance:com.blazedemo.hcode.tests.ContactUsPageTestScript@16d04d3d]" started-at="2024-04-20T19:53:04Z" name="verifyContactUsPage" finished-at="2024-04-20T19:53:11Z" duration-ms="7635" status="PASS">
          <reporter-output>
          </reporter-output>
        </test-method> <!-- verifyContactUsPage -->
        <test-method is-config="true" signature="logout(org.testng.ITestResult, java.lang.reflect.Method)[pri:0, instance:com.blazedemo.hcode.tests.ContactUsPageTestScript@16d04d3d]" started-at="2024-04-20T19:53:11Z" name="logout" finished-at="2024-04-20T19:53:14Z" duration-ms="2759" status="PASS">
          <params>
            <param index="0">
              <value>
                <![CDATA[[TestResult name=verifyContactUsPage status=SUCCESS method=ContactUsPageTestScript.verifyContactUsPage()[pri:0, instance:com.blazedemo.hcode.tests.ContactUsPageTestScript@16d04d3d] output={null}]]]>
              </value>
            </param>
            <param index="1">
              <value>
                <![CDATA[public synchronized void com.blazedemo.hcode.tests.ContactUsPageTestScript.verifyContactUsPage()]]>
              </value>
            </param>
          </params>
          <reporter-output>
          </reporter-output>
        </test-method> <!-- logout -->
        <test-method is-config="true" signature="afterTestThreadContextCleanup()[pri:0, instance:com.blazedemo.hcode.tests.ContactUsPageTestScript@16d04d3d]" started-at="2024-04-20T19:53:29Z" name="afterTestThreadContextCleanup" finished-at="2024-04-20T19:53:29Z" duration-ms="88" status="PASS">
          <reporter-output>
          </reporter-output>
        </test-method> <!-- afterTestThreadContextCleanup -->
        <test-method is-config="true" signature="generateReport()[pri:0, instance:com.blazedemo.hcode.tests.ContactUsPageTestScript@16d04d3d]" started-at="2024-04-20T19:53:29Z" name="generateReport" finished-at="2024-04-20T19:53:29Z" duration-ms="43" status="PASS">
          <reporter-output>
          </reporter-output>
        </test-method> <!-- generateReport -->
      </class> <!-- com.blazedemo.hcode.tests.ContactUsPageTestScript -->
      <class name="com.blazedemo.hcode.tests.TestScript">
        <test-method is-config="true" signature="verifyloginPage(java.lang.reflect.Method)[pri:0, instance:com.blazedemo.hcode.tests.TestScript@49ec71f8]" started-at="2024-04-20T19:53:14Z" name="verifyloginPage" finished-at="2024-04-20T19:53:15Z" duration-ms="810" status="PASS">
          <params>
            <param index="0">
              <value>
                <![CDATA[public synchronized void com.blazedemo.hcode.tests.TestScript.verifyUserisAbleToOrderProduct()]]>
              </value>
            </param>
          </params>
          <reporter-output>
          </reporter-output>
        </test-method> <!-- verifyloginPage -->
        <test-method signature="verifyUserisAbleToOrderProduct()[pri:0, instance:com.blazedemo.hcode.tests.TestScript@49ec71f8]" started-at="2024-04-20T19:53:15Z" name="verifyUserisAbleToOrderProduct" finished-at="2024-04-20T19:53:27Z" duration-ms="11884" status="PASS">
          <reporter-output>
          </reporter-output>
        </test-method> <!-- verifyUserisAbleToOrderProduct -->
        <test-method is-config="true" signature="logout(org.testng.ITestResult, java.lang.reflect.Method)[pri:0, instance:com.blazedemo.hcode.tests.TestScript@49ec71f8]" started-at="2024-04-20T19:53:27Z" name="logout" finished-at="2024-04-20T19:53:29Z" duration-ms="2001" status="PASS">
          <params>
            <param index="0">
              <value>
                <![CDATA[[TestResult name=verifyUserisAbleToOrderProduct status=SUCCESS method=TestScript.verifyUserisAbleToOrderProduct()[pri:0, instance:com.blazedemo.hcode.tests.TestScript@49ec71f8] output={null}]]]>
              </value>
            </param>
            <param index="1">
              <value>
                <![CDATA[public synchronized void com.blazedemo.hcode.tests.TestScript.verifyUserisAbleToOrderProduct()]]>
              </value>
            </param>
          </params>
          <reporter-output>
          </reporter-output>
        </test-method> <!-- logout -->
      </class> <!-- com.blazedemo.hcode.tests.TestScript -->
    </test> <!-- Blazemeter Demo On chrome -->
  </suite> <!-- BlazeDemo -->
</testng-results>
