<?xml version="1.0" encoding="UTF-8"?>
<testng-results ignored="3" total="5" passed="2" failed="0" skipped="0">
  <reporter-output>
  </reporter-output>
  <suite started-at="2024-04-21T16:36:01Z" name="BlazeDemo" finished-at="2024-04-21T16:36:31Z" duration-ms="29924">
    <groups>
    </groups>
    <test started-at="2024-04-21T16:36:01Z" name="Blazemeter Demo On chrome" finished-at="2024-04-21T16:36:31Z" duration-ms="29924">
      <class name="com.blazedemo.hcode.tests.ContactUsPageTestScript">
        <test-method is-config="true" signature="createObject()[pri:0, instance:com.blazedemo.hcode.tests.ContactUsPageTestScript@3e694b3f]" started-at="2024-04-21T16:36:01Z" name="createObject" finished-at="2024-04-21T16:36:01Z" duration-ms="8" status="PASS">
          <reporter-output>
          </reporter-output>
        </test-method> <!-- createObject -->
        <test-method is-config="true" signature="initilizeReport()[pri:0, instance:com.blazedemo.hcode.tests.ContactUsPageTestScript@3e694b3f]" started-at="2024-04-21T16:36:01Z" name="initilizeReport" finished-at="2024-04-21T16:36:01Z" duration-ms="103" status="PASS">
          <reporter-output>
          </reporter-output>
        </test-method> <!-- initilizeReport -->
        <test-method is-config="true" signature="setUp(java.lang.String)[pri:0, instance:com.blazedemo.hcode.tests.ContactUsPageTestScript@3e694b3f]" started-at="2024-04-21T16:36:01Z" name="setUp" finished-at="2024-04-21T16:36:04Z" duration-ms="2724" status="PASS">
          <params>
            <param index="0">
              <value>
                <![CDATA[chrome]]>
              </value>
            </param>
          </params>
          <reporter-output>
          </reporter-output>
        </test-method> <!-- setUp -->
        <test-method is-config="true" signature="verifyloginPage(java.lang.reflect.Method)[pri:0, instance:com.blazedemo.hcode.tests.ContactUsPageTestScript@3e694b3f]" started-at="2024-04-21T16:36:04Z" name="verifyloginPage" finished-at="2024-04-21T16:36:05Z" duration-ms="971" status="PASS">
          <params>
            <param index="0">
              <value>
                <![CDATA[public synchronized void com.blazedemo.hcode.tests.ContactUsPageTestScript.verifyContactUsPage()]]>
              </value>
            </param>
          </params>
          <reporter-output>
          </reporter-output>
        </test-method> <!-- verifyloginPage -->
        <test-method signature="verifyContactUsPage()[pri:0, instance:com.blazedemo.hcode.tests.ContactUsPageTestScript@3e694b3f]" started-at="2024-04-21T16:36:05Z" name="verifyContactUsPage" finished-at="2024-04-21T16:36:12Z" duration-ms="7608" status="PASS">
          <reporter-output>
          </reporter-output>
        </test-method> <!-- verifyContactUsPage -->
        <test-method is-config="true" signature="logout(org.testng.ITestResult, java.lang.reflect.Method)[pri:0, instance:com.blazedemo.hcode.tests.ContactUsPageTestScript@3e694b3f]" started-at="2024-04-21T16:36:12Z" name="logout" finished-at="2024-04-21T16:36:14Z" duration-ms="1693" status="PASS">
          <params>
            <param index="0">
              <value>
                <![CDATA[[TestResult name=verifyContactUsPage status=SUCCESS method=ContactUsPageTestScript.verifyContactUsPage()[pri:0, instance:com.blazedemo.hcode.tests.ContactUsPageTestScript@3e694b3f] output={null}]]]>
              </value>
            </param>
            <param index="1">
              <value>
                <![CDATA[public synchronized void com.blazedemo.hcode.tests.ContactUsPageTestScript.verifyContactUsPage()]]>
              </value>
            </param>
          </params>
          <reporter-output>
          </reporter-output>
        </test-method> <!-- logout -->
        <test-method is-config="true" signature="afterTestThreadContextCleanup()[pri:0, instance:com.blazedemo.hcode.tests.ContactUsPageTestScript@3e694b3f]" started-at="2024-04-21T16:36:14Z" name="afterTestThreadContextCleanup" finished-at="2024-04-21T16:36:14Z" duration-ms="183" status="PASS">
          <reporter-output>
          </reporter-output>
        </test-method> <!-- afterTestThreadContextCleanup -->
        <test-method is-config="true" signature="generateReport()[pri:0, instance:com.blazedemo.hcode.tests.ContactUsPageTestScript@3e694b3f]" started-at="2024-04-21T16:36:31Z" name="generateReport" finished-at="2024-04-21T16:36:31Z" duration-ms="32" status="PASS">
          <reporter-output>
          </reporter-output>
        </test-method> <!-- generateReport -->
      </class> <!-- com.blazedemo.hcode.tests.ContactUsPageTestScript -->
      <class name="com.blazedemo.hcode.tests.TestScript">
        <test-method is-config="true" signature="setUp(java.lang.String)[pri:0, instance:com.blazedemo.hcode.tests.TestScript@1bb5a082]" started-at="2024-04-21T16:36:14Z" name="setUp" finished-at="2024-04-21T16:36:16Z" duration-ms="2238" status="PASS">
          <params>
            <param index="0">
              <value>
                <![CDATA[chrome]]>
              </value>
            </param>
          </params>
          <reporter-output>
          </reporter-output>
        </test-method> <!-- setUp -->
        <test-method is-config="true" signature="verifyloginPage(java.lang.reflect.Method)[pri:0, instance:com.blazedemo.hcode.tests.TestScript@1bb5a082]" started-at="2024-04-21T16:36:16Z" name="verifyloginPage" finished-at="2024-04-21T16:36:17Z" duration-ms="910" status="PASS">
          <params>
            <param index="0">
              <value>
                <![CDATA[public synchronized void com.blazedemo.hcode.tests.TestScript.verifyUserisAbleToOrderProduct()]]>
              </value>
            </param>
          </params>
          <reporter-output>
          </reporter-output>
        </test-method> <!-- verifyloginPage -->
        <test-method signature="verifyUserisAbleToOrderProduct()[pri:0, instance:com.blazedemo.hcode.tests.TestScript@1bb5a082]" started-at="2024-04-21T16:36:17Z" name="verifyUserisAbleToOrderProduct" finished-at="2024-04-21T16:36:29Z" duration-ms="11230" status="PASS">
          <reporter-output>
          </reporter-output>
        </test-method> <!-- verifyUserisAbleToOrderProduct -->
        <test-method is-config="true" signature="logout(org.testng.ITestResult, java.lang.reflect.Method)[pri:0, instance:com.blazedemo.hcode.tests.TestScript@1bb5a082]" started-at="2024-04-21T16:36:29Z" name="logout" finished-at="2024-04-21T16:36:31Z" duration-ms="2074" status="PASS">
          <params>
            <param index="0">
              <value>
                <![CDATA[[TestResult name=verifyUserisAbleToOrderProduct status=SUCCESS method=TestScript.verifyUserisAbleToOrderProduct()[pri:0, instance:com.blazedemo.hcode.tests.TestScript@1bb5a082] output={null}]]]>
              </value>
            </param>
            <param index="1">
              <value>
                <![CDATA[public synchronized void com.blazedemo.hcode.tests.TestScript.verifyUserisAbleToOrderProduct()]]>
              </value>
            </param>
          </params>
          <reporter-output>
          </reporter-output>
        </test-method> <!-- logout -->
        <test-method is-config="true" signature="afterTestThreadContextCleanup()[pri:0, instance:com.blazedemo.hcode.tests.TestScript@1bb5a082]" started-at="2024-04-21T16:36:31Z" name="afterTestThreadContextCleanup" finished-at="2024-04-21T16:36:31Z" duration-ms="177" status="PASS">
          <reporter-output>
          </reporter-output>
        </test-method> <!-- afterTestThreadContextCleanup -->
      </class> <!-- com.blazedemo.hcode.tests.TestScript -->
    </test> <!-- Blazemeter Demo On chrome -->
  </suite> <!-- BlazeDemo -->
</testng-results>
