<?xml version="1.0" encoding="UTF-8"?>
<!-- Generated by org.testng.reporters.JUnitXMLReporter -->
<testsuite ignored="3" hostname="WILASSETA0140" failures="0" tests="2" name="Blazemeter Demo On chrome" time="29.924" errors="0" timestamp="21 Apr 2024 16:36:31 GMT">
  <testcase classname="com.blazedemo.hcode.tests.ContactUsPageTestScript" name="verifyContactUsPage" time="7.608"/>
  <testcase classname="com.blazedemo.hcode.tests.TestScript" name="verifyUserisAbleToOrderProduct" time="11.23"/>
  <testcase classname="com.blazedemo.hcode.tests.BaseTestSuite" name="@AfterSuite generateReport" time="0.0">
    <ignored/>
  </testcase> <!-- @AfterSuite generateReport -->
  <testcase classname="com.blazedemo.hcode.tests.BaseTestSuite" name="@BeforeSuite createObject" time="0.0">
    <ignored/>
  </testcase> <!-- @BeforeSuite createObject -->
  <testcase classname="com.blazedemo.hcode.tests.BaseTestSuite" name="@BeforeTest initilizeReport" time="0.0">
    <ignored/>
  </testcase> <!-- @BeforeTest initilizeReport -->
</testsuite> <!-- Blazemeter Demo On chrome -->
