<?xml version="1.0" encoding="UTF-8"?>
<!-- Generated by org.testng.reporters.JUnitXMLReporter -->
<testsuite ignored="3" hostname="WILASSETA0140" failures="0" tests="2" name="Blazemeter Demo On firefox" time="13.488" errors="0" timestamp="21 Apr 2024 16:29:16 GMT">
  <testcase classname="com.blazedemo.hcode.tests.BaseTestSuite" name="@BeforeClass setUp" time="0.001">
    <failure type="java.lang.NullPointerException" message="Cannot invoke &amp;quot;com.blazedemo.hcode.ui.selenium.DriverActions.getLocalInstance(String)&amp;quot; because &amp;quot;this.driverAction&amp;quot; is null">
      <![CDATA[java.lang.NullPointerException: Cannot invoke "com.blazedemo.hcode.ui.selenium.DriverActions.getLocalInstance(String)" because "this.driverAction" is null
at com.blazedemo.hcode.tests.BaseTestSuite.setUp(BaseTestSuite.java:51)
at java.base/jdk.internal.reflect.DirectMethodHandleAccessor.invoke(DirectMethodHandleAccessor.java:104)
at java.base/java.lang.reflect.Method.invoke(Method.java:578)
at org.testng.internal.MethodInvocationHelper.invokeMethod(MethodInvocationHelper.java:124)
at org.testng.internal.MethodInvocationHelper.invokeMethodConsideringTimeout(MethodInvocationHelper.java:59)
at org.testng.internal.Invoker.invokeConfigurationMethod(Invoker.java:458)
at org.testng.internal.Invoker.invokeConfigurations(Invoker.java:222)
at org.testng.internal.Invoker.invokeConfigurations(Invoker.java:142)
at org.testng.internal.TestMethodWorker.invokeBeforeClassMethods(TestMethodWorker.java:168)
at org.testng.internal.TestMethodWorker.run(TestMethodWorker.java:105)
at org.testng.TestRunner.privateRun(TestRunner.java:648)
at org.testng.TestRunner.run(TestRunner.java:505)
at org.testng.SuiteRunner.runTest(SuiteRunner.java:455)
at org.testng.SuiteRunner.access$000(SuiteRunner.java:40)
at org.testng.SuiteRunner$SuiteWorker.run(SuiteRunner.java:489)
at org.testng.internal.thread.ThreadUtil$1.call(ThreadUtil.java:52)
at java.base/java.util.concurrent.FutureTask.run(FutureTask.java:317)
at java.base/java.util.concurrent.ThreadPoolExecutor.runWorker(ThreadPoolExecutor.java:1144)
at java.base/java.util.concurrent.ThreadPoolExecutor$Worker.run(ThreadPoolExecutor.java:642)
at java.base/java.lang.Thread.run(Thread.java:1589)
]]>
    </failure>
  </testcase> <!-- @BeforeClass setUp -->
  <testcase classname="com.blazedemo.hcode.tests.BaseTestSuite" name="@BeforeMethod verifyloginPage" time="0.003">
    <failure type="java.lang.NullPointerException" message="Cannot invoke &amp;quot;com.blazedemo.hcode.ui.selenium.DriverActions.createTest(String)&amp;quot; because &amp;quot;this.driverAction&amp;quot; is null">
      <![CDATA[java.lang.NullPointerException: Cannot invoke "com.blazedemo.hcode.ui.selenium.DriverActions.createTest(String)" because "this.driverAction" is null
at com.blazedemo.hcode.tests.BaseTestSuite.verifyloginPage(BaseTestSuite.java:68)
at java.base/jdk.internal.reflect.DirectMethodHandleAccessor.invoke(DirectMethodHandleAccessor.java:104)
at java.base/java.lang.reflect.Method.invoke(Method.java:578)
at org.testng.internal.MethodInvocationHelper.invokeMethod(MethodInvocationHelper.java:124)
at org.testng.internal.MethodInvocationHelper.invokeMethodConsideringTimeout(MethodInvocationHelper.java:59)
at org.testng.internal.Invoker.invokeConfigurationMethod(Invoker.java:458)
at org.testng.internal.Invoker.invokeConfigurations(Invoker.java:222)
at org.testng.internal.Invoker.invokeMethod(Invoker.java:523)
at org.testng.internal.Invoker.invokeTestMethod(Invoker.java:719)
at org.testng.internal.Invoker.invokeTestMethods(Invoker.java:989)
at org.testng.internal.TestMethodWorker.invokeTestMethods(TestMethodWorker.java:125)
at org.testng.internal.TestMethodWorker.run(TestMethodWorker.java:109)
at org.testng.TestRunner.privateRun(TestRunner.java:648)
at org.testng.TestRunner.run(TestRunner.java:505)
at org.testng.SuiteRunner.runTest(SuiteRunner.java:455)
at org.testng.SuiteRunner.access$000(SuiteRunner.java:40)
at org.testng.SuiteRunner$SuiteWorker.run(SuiteRunner.java:489)
at org.testng.internal.thread.ThreadUtil$1.call(ThreadUtil.java:52)
at java.base/java.util.concurrent.FutureTask.run(FutureTask.java:317)
at java.base/java.util.concurrent.ThreadPoolExecutor.runWorker(ThreadPoolExecutor.java:1144)
at java.base/java.util.concurrent.ThreadPoolExecutor$Worker.run(ThreadPoolExecutor.java:642)
at java.base/java.lang.Thread.run(Thread.java:1589)
]]>
    </failure>
  </testcase> <!-- @BeforeMethod verifyloginPage -->
  <testcase classname="com.blazedemo.hcode.tests.BaseTestSuite" name="@AfterMethod logout" time="0.001">
    <failure type="java.lang.NullPointerException" message="Cannot invoke &amp;quot;com.blazedemo.hcode.ui.selenium.DriverActions.getWebDriver()&amp;quot; because &amp;quot;this.driverAction&amp;quot; is null">
      <![CDATA[java.lang.NullPointerException: Cannot invoke "com.blazedemo.hcode.ui.selenium.DriverActions.getWebDriver()" because "this.driverAction" is null
at com.blazedemo.hcode.pages.HomeLandingPage.<init>(HomeLandingPage.java:75)
at com.blazedemo.hcode.tests.BaseTestSuite.logout(BaseTestSuite.java:90)
at java.base/jdk.internal.reflect.DirectMethodHandleAccessor.invoke(DirectMethodHandleAccessor.java:104)
at java.base/java.lang.reflect.Method.invoke(Method.java:578)
at org.testng.internal.MethodInvocationHelper.invokeMethod(MethodInvocationHelper.java:124)
at org.testng.internal.MethodInvocationHelper.invokeMethodConsideringTimeout(MethodInvocationHelper.java:59)
at org.testng.internal.Invoker.invokeConfigurationMethod(Invoker.java:458)
at org.testng.internal.Invoker.invokeConfigurations(Invoker.java:222)
at org.testng.internal.Invoker.invokeMethod(Invoker.java:536)
at org.testng.internal.Invoker.invokeTestMethod(Invoker.java:719)
at org.testng.internal.Invoker.invokeTestMethods(Invoker.java:989)
at org.testng.internal.TestMethodWorker.invokeTestMethods(TestMethodWorker.java:125)
at org.testng.internal.TestMethodWorker.run(TestMethodWorker.java:109)
at org.testng.TestRunner.privateRun(TestRunner.java:648)
at org.testng.TestRunner.run(TestRunner.java:505)
at org.testng.SuiteRunner.runTest(SuiteRunner.java:455)
at org.testng.SuiteRunner.access$000(SuiteRunner.java:40)
at org.testng.SuiteRunner$SuiteWorker.run(SuiteRunner.java:489)
at org.testng.internal.thread.ThreadUtil$1.call(ThreadUtil.java:52)
at java.base/java.util.concurrent.FutureTask.run(FutureTask.java:317)
at java.base/java.util.concurrent.ThreadPoolExecutor.runWorker(ThreadPoolExecutor.java:1144)
at java.base/java.util.concurrent.ThreadPoolExecutor$Worker.run(ThreadPoolExecutor.java:642)
at java.base/java.lang.Thread.run(Thread.java:1589)
]]>
    </failure>
  </testcase> <!-- @AfterMethod logout -->
  <testcase classname="com.blazedemo.hcode.tests.BaseTestSuite" name="@AfterClass afterTestThreadContextCleanup" time="0.0">
    <failure type="java.lang.NullPointerException" message="Cannot invoke &amp;quot;com.blazedemo.hcode.ui.selenium.DriverActions.closeBrowser()&amp;quot; because &amp;quot;this.driverAction&amp;quot; is null">
      <![CDATA[java.lang.NullPointerException: Cannot invoke "com.blazedemo.hcode.ui.selenium.DriverActions.closeBrowser()" because "this.driverAction" is null
at com.blazedemo.hcode.tests.BaseTestSuite.afterTestThreadContextCleanup(BaseTestSuite.java:57)
at java.base/jdk.internal.reflect.DirectMethodHandleAccessor.invoke(DirectMethodHandleAccessor.java:104)
at java.base/java.lang.reflect.Method.invoke(Method.java:578)
at org.testng.internal.MethodInvocationHelper.invokeMethod(MethodInvocationHelper.java:124)
at org.testng.internal.MethodInvocationHelper.invokeMethodConsideringTimeout(MethodInvocationHelper.java:59)
at org.testng.internal.Invoker.invokeConfigurationMethod(Invoker.java:458)
at org.testng.internal.Invoker.invokeConfigurations(Invoker.java:222)
at org.testng.internal.Invoker.invokeConfigurations(Invoker.java:142)
at org.testng.internal.TestMethodWorker.invokeAfterClassMethods(TestMethodWorker.java:214)
at org.testng.internal.TestMethodWorker.run(TestMethodWorker.java:111)
at org.testng.TestRunner.privateRun(TestRunner.java:648)
at org.testng.TestRunner.run(TestRunner.java:505)
at org.testng.SuiteRunner.runTest(SuiteRunner.java:455)
at org.testng.SuiteRunner.access$000(SuiteRunner.java:40)
at org.testng.SuiteRunner$SuiteWorker.run(SuiteRunner.java:489)
at org.testng.internal.thread.ThreadUtil$1.call(ThreadUtil.java:52)
at java.base/java.util.concurrent.FutureTask.run(FutureTask.java:317)
at java.base/java.util.concurrent.ThreadPoolExecutor.runWorker(ThreadPoolExecutor.java:1144)
at java.base/java.util.concurrent.ThreadPoolExecutor$Worker.run(ThreadPoolExecutor.java:642)
at java.base/java.lang.Thread.run(Thread.java:1589)
]]>
    </failure>
  </testcase> <!-- @AfterClass afterTestThreadContextCleanup -->
  <testcase classname="com.blazedemo.hcode.tests.ContactUsPageTestScript" name="verifyContactUsPage" time="7.483"/>
  <testcase classname="com.blazedemo.hcode.tests.TestScript" name="verifyUserisAbleToOrderProduct" time="0.0">
    <skipped/>
  </testcase> <!-- verifyUserisAbleToOrderProduct -->
  <testcase classname="com.blazedemo.hcode.tests.BaseTestSuite" name="@AfterSuite generateReport" time="0.0">
    <ignored/>
  </testcase> <!-- @AfterSuite generateReport -->
  <testcase classname="com.blazedemo.hcode.tests.BaseTestSuite" name="@BeforeSuite createObject" time="0.0">
    <ignored/>
  </testcase> <!-- @BeforeSuite createObject -->
  <testcase classname="com.blazedemo.hcode.tests.BaseTestSuite" name="@BeforeTest initilizeReport" time="0.0">
    <ignored/>
  </testcase> <!-- @BeforeTest initilizeReport -->
</testsuite> <!-- Blazemeter Demo On firefox -->
