<?xml version="1.0" encoding="UTF-8"?>
<!-- Generated by org.testng.reporters.JUnitXMLReporter -->
<testsuite ignored="4" hostname="WILASSETA0140" failures="0" tests="2" name="Blazemeter Demo On chrome" time="34.964" errors="0" timestamp="21 Apr 2024 17:22:01 GMT">
  <testcase classname="com.blazedemo.hcode.tests.ContactUsPageTestScript" name="verifyContactUsPage" time="12.597"/>
  <testcase classname="com.blazedemo.hcode.tests.TestScript" name="verifyUserisAbleToOrderProduct" time="11.945"/>
  <testcase classname="com.blazedemo.hcode.tests.BaseTestSuite" name="@AfterTest afterTestThreadContextCleanup" time="0.0">
    <ignored/>
  </testcase> <!-- @AfterTest afterTestThreadContextCleanup -->
  <testcase classname="com.blazedemo.hcode.tests.BaseTestSuite" name="@AfterSuite generateReport" time="0.0">
    <ignored/>
  </testcase> <!-- @AfterSuite generateReport -->
  <testcase classname="com.blazedemo.hcode.tests.BaseTestSuite" name="@BeforeTest setUp" time="0.0">
    <ignored/>
  </testcase> <!-- @BeforeTest setUp -->
  <testcase classname="com.blazedemo.hcode.tests.BaseTestSuite" name="@BeforeSuite createObject" time="0.0">
    <ignored/>
  </testcase> <!-- @BeforeSuite createObject -->
</testsuite> <!-- Blazemeter Demo On chrome -->
